\BOOKMARK [0][-]{chapter*.1}{\376\377\144\130\000\040\211\201}{}% 1
\BOOKMARK [0][-]{chapter*.2}{\376\377\000A\000B\000S\000T\000R\000A\000C\000T}{}% 2
\BOOKMARK [0][-]{chapter*.3}{\376\377\166\356\000\040\137\125}{}% 3
\BOOKMARK [0][-]{chapter.1}{\376\377\173\054\116\000\172\340\000\040\000\040\176\352\213\272}{}% 4
\BOOKMARK [1][-]{section.1.1}{\376\377\0001\000.\0001\000\040\213\376\230\230\200\314\146\157\124\214\141\017\116\111}{chapter.1}% 5
\BOOKMARK [1][-]{section.1.2}{\376\377\0001\000.\0002\000\040\126\375\121\205\131\026\170\024\172\166\163\260\162\266}{chapter.1}% 6
\BOOKMARK [1][-]{section.1.3}{\376\377\0001\000.\0003\000\040\147\054\145\207\170\024\172\166\121\205\133\271}{chapter.1}% 7
\BOOKMARK [0][-]{chapter.2}{\376\377\173\054\116\214\172\340\000\040\000\040\143\247\122\066\126\150\174\373\176\337\145\164\117\123\170\024\172\166\145\271\150\110}{}% 8
\BOOKMARK [1][-]{section.2.1}{\376\377\0002\000.\0001\000\040\143\247\122\066\174\373\176\337\140\073\117\123\145\271\150\110}{chapter.2}% 9
\BOOKMARK [1][-]{section.2.2}{\376\377\0002\000.\0002\000\040\174\373\176\337\170\154\116\366\220\011\127\213}{chapter.2}% 10
\BOOKMARK [1][-]{section.2.3}{\376\377\0002\000.\0003\000\040\143\247\122\066\174\373\176\337\217\157\116\366\147\266\147\204}{chapter.2}% 11
\BOOKMARK [1][-]{section.2.4}{\376\377\0002\000.\0004\000\040\121\155\176\364\122\233\117\040\141\037\126\150\145\160\143\156\210\145\120\177}{chapter.2}% 12
\BOOKMARK [0][-]{chapter.3}{\376\377\173\054\116\011\172\340\000\040\000\040\147\072\126\150\116\272\217\320\122\250\133\146\170\024\172\166}{}% 13
\BOOKMARK [1][-]{section.3.1}{\376\377\0003\000.\0001\000\040\172\172\225\364\123\330\143\142\116\016\143\317\217\360}{chapter.3}% 14
\BOOKMARK [2][-]{subsection.3.1.1}{\376\377\0003\000.\0001\000.\0001\000\040\117\115\177\156\143\317\217\360}{section.3.1}% 15
\BOOKMARK [2][-]{subsection.3.1.2}{\376\377\0003\000.\0001\000.\0002\000\040\131\377\140\001\143\317\217\360}{section.3.1}% 16
\BOOKMARK [2][-]{subsection.3.1.3}{\376\377\0003\000.\0001\000.\0003\000\040\127\120\150\007\174\373\166\204\146\040\134\004}{section.3.1}% 17
\BOOKMARK [1][-]{section.3.2}{\376\377\0003\000.\0002\000\040\217\336\147\106\123\302\145\160\116\016\217\336\147\106\127\120\150\007\174\373}{chapter.3}% 18
\BOOKMARK [2][-]{subsection.3.2.1}{\376\377\0003\000.\0002\000.\0001\000\040\217\336\147\106\127\120\150\007\174\373\166\204\136\372\172\313}{section.3.2}% 19
\BOOKMARK [2][-]{subsection.3.2.2}{\376\377\0003\000.\0002\000.\0002\000\040\000U\000R\0005\147\072\126\150\116\272\217\320\122\250\133\146\152\041\127\213}{section.3.2}% 20
\BOOKMARK [1][-]{section.3.3}{\376\377\0003\000.\0003\000\040\153\143\217\320\122\250\133\146\154\102\211\343}{chapter.3}% 21
\BOOKMARK [1][-]{section.3.4}{\376\377\0003\000.\0004\000\040\220\006\217\320\122\250\133\146\154\102\211\343}{chapter.3}% 22
\BOOKMARK [2][-]{subsection.3.4.1}{\376\377\0003\000.\0004\000.\0001\000\040\133\371\121\163\202\202\0001\060\001\0005\060\001\0006\217\333\210\114\154\102\211\343\377\032}{section.3.4}% 23
\BOOKMARK [2][-]{subsection.3.4.2}{\376\377\0003\000.\0004\000.\0002\000\040\133\371\121\163\202\202\0002\060\001\0003\060\001\0004\217\333\210\114\154\102\211\343}{section.3.4}% 24
\BOOKMARK [2][-]{subsection.3.4.3}{\376\377\0003\000.\0004\000.\0003\000\040\131\107\137\002\117\115\177\156}{section.3.4}% 25
\BOOKMARK [2][-]{subsection.3.4.4}{\376\377\0003\000.\0004\000.\0004\000\040\220\011\123\326\147\072\126\150\116\272\220\006\217\320\122\250\133\146\166\204\147\000\117\030\211\343}{section.3.4}% 26
\BOOKMARK [1][-]{section.3.5}{\376\377\0003\000.\0005\000\040\000M\000A\000T\000L\000A\000B\116\377\167\037\232\214\213\301}{chapter.3}% 27
\BOOKMARK [2][-]{subsection.3.5.1}{\376\377\0003\000.\0005\000.\0001\000\040\136\372\172\313\000U\000R\0005\217\320\122\250\133\146\152\041\127\213}{section.3.5}% 28
\BOOKMARK [2][-]{subsection.3.5.2}{\376\377\0003\000.\0005\000.\0002\000\040\153\143\217\320\122\250\133\146\154\102\211\343\145\271\150\110\232\214\213\301}{section.3.5}% 29
\BOOKMARK [2][-]{subsection.3.5.3}{\376\377\0003\000.\0005\000.\0003\000\040\220\006\217\320\122\250\133\146\154\102\211\343\145\271\150\110\232\214\213\301}{section.3.5}% 30
\BOOKMARK [1][-]{section.3.6}{\376\377\0003\000.\0006\000\040\147\054\172\340\134\017\176\323}{chapter.3}% 31
\BOOKMARK [0][-]{chapter.4}{\376\377\173\054\126\333\172\340\000\040\000\040\127\372\116\216\226\073\142\227\143\247\122\066\166\204\147\324\230\172\143\247\122\066\170\024\172\166}{}% 32
\BOOKMARK [1][-]{section.4.1}{\376\377\0004\000.\0001\000\040\127\372\147\054\226\073\142\227\143\247\122\066\173\126\165\145}{chapter.4}% 33
\BOOKMARK [1][-]{section.4.2}{\376\377\0004\000.\0002\000\040\201\352\220\002\136\224\226\073\142\227\143\247\122\066}{chapter.4}% 34
\BOOKMARK [1][-]{section.4.3}{\376\377\0004\000.\0003\000\040\116\377\167\037\133\236\232\214\116\016\122\006\147\220}{chapter.4}% 35
\BOOKMARK [0][-]{chapter.5}{\376\377\173\054\116\224\172\340\000\040\000\040\153\143\145\207}{}% 36
\BOOKMARK [1][-]{section.5.1}{\376\377\0005\000.\0001\000\040\143\322\126\376\150\074\137\017\211\201\154\102}{chapter.5}% 37
\BOOKMARK [1][-]{section.5.2}{\376\377\0005\000.\0002\000\040\210\150\150\074\150\074\137\017\211\201\154\102}{chapter.5}% 38
\BOOKMARK [1][-]{section.5.3}{\376\377\0005\000.\0003\000\040\210\150\217\276\137\017}{chapter.5}% 39
\BOOKMARK [1][-]{section.5.4}{\376\377\0005\000.\0004\000\040\154\350\221\312}{chapter.5}% 40
\BOOKMARK [0][-]{chapter.6}{\376\377\173\054\121\155\172\340\000\040\000\040\140\073\176\323\116\016\134\125\147\033}{}% 41
\BOOKMARK [1][-]{section.6.1}{\376\377\0006\000.\0001\000\040\135\345\117\134\140\073\176\323}{chapter.6}% 42
\BOOKMARK [1][-]{section.6.2}{\376\377\0006\000.\0002\000\040\135\345\117\134\134\125\147\033}{chapter.6}% 43
\BOOKMARK [0][-]{chapter*.16}{\376\377\123\302\200\003\145\207\163\056}{}% 44
\BOOKMARK [0][-]{appendix.A}{\376\377\226\104\137\125\000A\000\040\000\040\226\104\137\125\124\015\171\360}{}% 45
\BOOKMARK [0][-]{appendix*.17}{\376\377\201\364\000\040\214\042}{}% 46
